0:	
1:	coach, track, 
2:	corns, curve, taboo, turns, 
3:	tacit, 
4:	Aztec, 
5:	check, crush, 
6:	
7:	
8:	
9:	Starr, 
10:	
11:	ducts, 
12:	
13:	
14:	
15:	
16:	
17:	Swink, 
18:	
19:	
20:	
21:	
22:	Mafia, 
23:	Scots, 
24:	
25:	
26:	
27:	Busch, 
28:	jolly, 
29:	
30:	
31:	
32:	
33:	Bryce, 
34:	
35:	
36:	
37:	Crete, evens, 
38:	
39:	
40:	
41:	Clive, plaid, 
42:	
43:	
44:	volts, 
45:	plums, 
46:	
47:	
48:	
49:	Ising, 
50:	
51:	
52:	
53:	
54:	
55:	
56:	
57:	quilt, 
58:	
59:	
60:	
61:	fiery, fuels, 
62:	
63:	
64:	
65:	frisk, 
66:	
67:	locus, Olsen, 
68:	folks, 
69:	femur, 
70:	
71:	
72:	
73:	await, 
74:	arbor, Doric, works, 
75:	wisps, 
76:	
77:	
78:	
79:	fawns, 
80:	fixes, 
81:	gnats, grasp, 
82:	
83:	asker, loses, Vicky, 
84:	
85:	
86:	gifts, Punic, waned, 
87:	aloft, Elgin, Poole, 
88:	Popek, 
89:	guise, moats, 
90:	Paris, Parsi, 
91:	
92:	Volta, 
93:	
94:	
95:	glove, goose, grope, 
96:	
97:	braze, 
98:	
99:	
100:	gator, 
101:	breve, 
102:	giver, 
103:	
104:	
105:	blimp, brier, shiny, slips, 
106:	mirth, 
107:	
108:	
109:	
110:	
111:	
112:	Fahey, 
113:	heirs, 
114:	birds, sorer, 
115:	
116:	baton, holes, 
117:	homer, skull, 
118:	savor, 
119:	
120:	
121:	chart, coals, 
122:	cubes, harms, hires, 
123:	
124:	Alden, 
125:	treks, young, 
126:	
127:	Angie, hewer, 
128:	
129:	Wayne, 
130:	hazes, 
131:	
132:	
133:	
134:	tones, 
135:	chose, crock, 
136:	
137:	idiot, 
138:	orbit, 
139:	inker, 
140:	
141:	cluck, couch, truck, 
142:	caves, 
143:	ALGOL, Bronx, cowed, 
144:	taxis, 
145:	drank, Meier, 
146:	
147:	
148:	
149:	
150:	
151:	
152:	usher, 
153:	Baird, 
154:	Marco, Merck, 
155:	dikes, 
156:	delve, 
157:	jeeps, 
158:	dandy, 
159:	
160:	
161:	Heine, plans, 
162:	Nobel, 
163:	Basic, 
164:	dater, doted, 
165:	
166:	
167:	
168:	
169:	
170:	
171:	Cecil, 
172:	ender, polar, 
173:	veers, 
174:	punch, 
175:	jewel, 
176:	Nepal, 
177:	Caine, knave, veins, voids, 
178:	
179:	kicks, 
180:	
181:	pause, Tamil, 
182:	venom, vines, 
183:	
184:	
185:	phyla, quail, 
186:	verse, 
187:	
188:	
189:	vouch, 
190:	
191:	vowed, 
192:	
193:	flank, 
194:	Debra, 
195:	
196:	
197:	
198:	
199:	
200:	
201:	faith, leans, loads, 
202:	Jerry, 
203:	lossy, 
204:	welsh, 
205:	fames, 
206:	Deneb, 
207:	
208:	
209:	
210:	abbey, robin, ruble, 
211:	liken, rusts, 
212:	aptly, fetal, fetid, water, 
213:	limbo, 
214:	gunny, lanes, 
215:	
216:	waxen, 
217:	
218:	
219:	
220:	
221:	
222:	Elvis, 
223:	Eagan, 
224:	raper, roped, 
225:	Franz, 
226:	acrid, murky, 
227:	
228:	bully, model, 
229:	Knuth, Kruse, 
230:	
231:	brown, stout, 
232:	
233:	blame, bland, scans, seals, skate, stake, 
234:	sorry, surly, 
235:	makes, 
236:	sides, 
237:	blurs, hymns, shell, smear, steak, 
238:	
239:	
240:	
241:	yearn, 
242:	habit, mired, 
243:	Lykes, 
244:	belie, sales, 
245:	
246:	
247:	shock, 
248:	
249:	
250:	barge, 
251:	
252:	Lotte, 
253:	needs, 
254:	
255:	sewed, 
256:	
257:	thank, 
258:	April, torus, 
259:	Aesop, 
260:	cedar, coded, hatch, 
261:	tours, 
262:	
263:	
264:	
265:	chief, tribe, 
266:	Xerox, 
267:	nasal, 
268:	
269:	ideas, 
270:	canal, Minos, 
271:	Muong, 
272:	
273:	drily, Spiro, 
274:	cared, Morse, 
275:	Moser, 
276:	dolly, dulls, 
277:	
278:	
279:	droop, Scott, 
280:	taxed, 
281:	
282:	
283:	
284:	ditto, oiled, Sadie, undid, 
285:	drunk, Hyman, 
286:	junks, 
287:	
288:	
289:	
290:	Habib, 
291:	
292:	Hedda, 
293:	event, 
294:	
295:	plots, 
296:	
297:	emits, poach, 
298:	
299:	pacer, 
300:	Nadia, patty, 
301:	
302:	pivot, 
303:	
304:	
305:	knits, 
306:	Carey, virus, 
307:	
308:	
309:	
310:	panic, pence, 
311:	
312:	
313:	
314:	
315:	focus, 
316:	
317:	
318:	
319:	
320:	
321:	
322:	
323:	
324:	filly, 
325:	fumes, 
326:	funds, 
327:	
328:	
329:	Plato, 
330:	forte, 
331:	
332:	audit, Julie, 
333:	flute, 
334:	
335:	argon, 
336:	
337:	axing, goats, 
338:	Jeres, label, 
339:	lasts, 
340:	alley, 
341:	armer, 
342:	
343:	afoul, atone, awoke, 
344:	aspen, Ethan, Piper, 
345:	glint, 
346:	aorta, 
347:	
348:	Ellen, Peter, 
349:	Krebs, rouse, 
350:	gongs, rover, 
351:	gloom, goofs, 
352:	
353:	slays, soapy, swans, 
354:	germs, girth, razor, Virgo, 
355:	gasps, raked, 
356:	melts, 
357:	Khmer, stems, stern, 
358:	gives, minor, 
359:	bigot, 
360:	
361:	guyed, spilt, 
362:	
363:	
364:	balmy, bilks, silky, split, 
365:	
366:	
367:	scour, spook, 
368:	mixer, 
369:	shade, 
370:	berth, serum, sores, 
371:	
372:	halts, helps, hills, 
373:	bough, homes, skunk, 
374:	honer, 
375:	
376:	sixes, 
377:	claps, clasp, cramp, traps, 
378:	heron, Ruben, 
379:	cocks, tucks, 
380:	Addis, Fitch, hotel, hutch, salad, 
381:	
382:	
383:	Riggs, 
384:	
385:	cribs, 
386:	
387:	
388:	cells, 
389:	Gregg, tempt, 
390:	
391:	
392:	toper, tuple, 
393:	
394:	cured, Mobil, threw, 
395:	
396:	igloo, 
397:	crude, 
398:	
399:	Xhosa, 
400:	
401:	Bragg, draft, drags, Spahn, 
402:	Byron, 
403:	
404:	
405:	deeps, 
406:	L'vov, 
407:	digit, 
408:	
409:	deify, doing, 
410:	Horus, 
411:	
412:	
413:	
414:	dingo, jiffy, 
415:	Hague, 
416:	
417:	plant, 
418:	oozed, 
419:	
420:	dates, putty, ultra, 
421:	peers, 
422:	Honda, 
423:	
424:	Topsy, 
425:	Chang, pairs, 
426:	Tibet, 
427:	
428:	
429:	
430:	penis, pines, 
431:	vogue, 
432:	
433:	
434:	
435:	
436:	
437:	knees, knell, pluck, pouch, 
438:	paves, 
439:	epoch, erode, 
440:	viper, 
441:	Osaka, 
442:	Carib, 
443:	visas, 
444:	
445:	elude, 
446:	
447:	knock, 
448:	
449:	flags, quick, 
450:	forty, 
451:	facto, 
452:	
453:	weeps, 
454:	
455:	
456:	
457:	Utica, 
458:	
459:	lusts, 
460:	Delia, wiles, 
461:	
462:	aunts, 
463:	
464:	
465:	Jaime, reaps, 
466:	arrow, Porto, robes, 
467:	waste, 
468:	
469:	Pluto, reels, 
470:	
471:	grows, 
472:	aches, 
473:	acids, glare, Paine, rails, 
474:	Errol, 
475:	Epsom, gusto, 
476:	Estes, Vitus, 
477:	
478:	Ervin, lived, 
479:	
480:	rapes, 
481:	meals, Quito, Wyatt, 
482:	agree, Kirov, 
483:	macro, 
484:	modem, Vella, 
485:	
486:	
487:	snowy, 
488:	
489:	braid, scant, seams, shady, shark, slate, small, snare, stale, 
490:	
491:	
492:	males, 
493:	blurt, breed, sheet, sleep, steal, 
494:	
495:	
496:	
497:	heave, 
498:	gazed, horny, 
499:	
500:	hotly, 
501:	heeds, sumac, 
502:	sands, saner, 
503:	mewed, 
504:	
505:	
506:	noble, scrap, serif, 
507:	basic, 
508:	batch, sited, 
509:	
510:	
511:	clout, crops, trout, 
512:	sexed, 
513:	
514:	corps, 
515:	Rossi, 
516:	tutor, 
517:	cheek, 
518:	
519:	Agway, 
520:	
521:	
522:	
523:	taker, 
524:	natal, 
525:	timid, 
526:	tinge, 
527:	
528:	
529:	
530:	
531:	cased, Moses, 
532:	odder, 
533:	obese, 
534:	
535:	
536:	
537:	Heinz, usage, 
538:	Burma, debar, 
539:	oaken, 
540:	jolts, 
541:	drugs, preys, 
542:	
543:	
544:	
545:	
546:	dozes, 
547:	
548:	
549:	
550:	
551:	
552:	
553:	evils, 
554:	
555:	paces, 
556:	
557:	
558:	
559:	
560:	Cupid, 
561:	
562:	Nazis, 
563:	Casey, 
564:	
565:	
566:	
567:	egged, Zions, 
568:	
569:	quint, 
570:	
571:	
572:	Intel, 
573:	knead, 
574:	
575:	quoth, 
576:	
577:	flirt, 
578:	fuzzy, 
579:	lucky, 
580:	
581:	
582:	lofts, 
583:	frogs, 
584:	
585:	apart, whale, 
586:	fable, firms, foray, worms, 
587:	Dacca, fasts, 
588:	ardor, 
589:	alert, 
590:	
591:	looks, 
592:	Dixie, 
593:	
594:	
595:	Jesse, 
596:	godly, ledge, 
597:	leech, louse, 
598:	lover, rungs, 
599:	abort, adopt, 
600:	Pepsi, 
601:	Joyce, Keats, 
602:	Parks, 
603:	
604:	alter, 
605:	Paulo, route, 
606:	roves, 
607:	groin, rawly, rower, 
608:	
609:	blast, stars, 
610:	
611:	
612:	milky, mules, 
613:	gaunt, skews, 
614:	buffs, Kenya, month, 
615:	
616:	
617:	brink, heavy, skirt, spins, swift, 
618:	mores, 
619:	
620:	bills, salty, silly, 
621:	
622:	bonds, boner, synod, 
623:	brood, shoot, shops, sloop, sooth, spool, store, 
624:	mixes, 
625:	Frick, hairy, 
626:	barns, borne, nobly, 
627:	
628:	biter, 
629:	
630:	hones, 
631:	hoods, Lagos, Lowry, 
632:	
633:	Adams, toast, 
634:	Fargo, 
635:	
636:	Aides, 
637:	hauls, 
638:	Lenin, 
639:	noose, 
640:	
641:	toils, tying, 
642:	Gibby, 
643:	
644:	
645:	camps, combs, Roman, 
646:	novel, tongs, 
647:	thorn, 
648:	
649:	
650:	terms, 
651:	
652:	
653:	obeys, omens, thugs, 
654:	
655:	idols, towel, 
656:	other, 
657:	Spain, 
658:	debts, 
659:	dusty, 
660:	Malay, Sudan, 
661:	
662:	
663:	
664:	
665:	Shiva, union, 
666:	
667:	
668:	
669:	dimes, jeers, 
670:	diner, 
671:	
672:	
673:	
674:	
675:	Basie, picky, 
676:	
677:	
678:	divan, 
679:	piggy, 
680:	
681:	erase, poise, 
682:	
683:	
684:	
685:	
686:	
687:	vigor, 
688:	
689:	
690:	
691:	
692:	paths, 
693:	plumb, 
694:	
695:	
696:	
697:	
698:	
699:	vista, 
700:	
701:	queen, 
702:	
703:	
704:	
705:	flair, flash, frail, 
706:	
707:	
708:	
709:	
710:	TENEX, 
711:	
712:	
713:	leaps, 
714:	lobes, 
715:	Jessy, 
716:	
717:	lousy, 
718:	winds, winer, 
719:	whore, 
720:	
721:	Pease, 
722:	Pablo, 
723:	
724:	autos, 
725:	amend, 
726:	waver, 
727:	
728:	lapse, 
729:	grand, 
730:	
731:	
732:	relax, ruled, 
733:	
734:	rends, 
735:	aloha, Erwin, 
736:	
737:	
738:	aired, rarer, 
739:	
740:	
741:	
742:	raven, Vince, 
743:	story, 
744:	
745:	stand, 
746:	burns, 
747:	bacon, bicep, 
748:	
749:	seedy, spend, steam, 
750:	befog, 
751:	
752:	sixty, 
753:	slime, smile, 
754:	
755:	hacks, hosts, 
756:	balsa, bilge, metal, 
757:	Faust, hours, 
758:	
759:	scope, 
760:	Lopez, 
761:	
762:	Larry, 
763:	basal, nicer, 
764:	nitty, Welch, 
765:	
766:	
767:	
768:	
769:	cease, 
770:	Rabat, 
771:	
772:	
773:	cheap, there, 
774:	Alvin, 
775:	cowls, 
776:	
777:	Braun, tried, 
778:	
779:	takes, 
780:	
781:	
782:	Mundt, 
783:	
784:	
785:	
786:	Mabel, three, tired, 
787:	Sykes, 
788:	
789:	
790:	
791:	
792:	
793:	
794:	Babka, dirts, Muzak, 
795:	Yukon, 
796:	Bator, 
797:	Spuds, 
798:	
799:	
800:	
801:	
802:	
803:	
804:	
805:	
806:	
807:	props, prowl, 
808:	
809:	
810:	
811:	
812:	podia, 
813:	
814:	Congo, 
815:	
816:	
817:	
818:	embed, 
819:	
820:	extra, 
821:	equip, quest, 
822:	
823:	
824:	
825:	
826:	
827:	
828:	
829:	
830:	fifty, 
831:	
832:	
833:	wrist, writs, 
834:	Dijon, 
835:	
836:	
837:	
838:	
839:	floor, 
840:	
841:	
842:	
843:	
844:	
845:	flush, 
846:	Janos, Jonas, lungs, 
847:	aught, 
848:	
849:	flyer, gnaws, grass, 
850:	
851:	faked, Jason, 
852:	Eldon, ladle, 
853:	
854:	loves, 
855:	afoot, lower, rooms, 
856:	Ethel, 
857:	aback, adage, 
858:	
859:	
860:	actor, added, Patti, radii, 
861:	
862:	
863:	
864:	
865:	start, swaps, 
866:	
867:	Elsie, 
868:	
869:	glues, 
870:	
871:	
872:	
873:	brigs, slimy, swish, 
874:	Karol, marts, 
875:	
876:	madam, media, metro, 
877:	
878:	bones, 
879:	scout, 
880:	
881:	scald, 
882:	sable, 
883:	
884:	bites, Wells, 
885:	blurb, sheaf, slugs, squat, 
886:	Wendy, 
887:	bawdy, 
888:	haply, 
889:	craze, 
890:	sizes, 
891:	
892:	
893:	hound, numbs, 
894:	hovel, 
895:	hawks, 
896:	
897:	chins, crier, twill, 
898:	Lares, nabla, 
899:	cokes, 
900:	colds, culpa, 
901:	Greek, 
902:	canto, 
903:	choir, clods, 
904:	copra, 
905:	teach, 
906:	
907:	casks, 
908:	inlet, 
909:	taunt, 
910:	inner, 
911:	Goode, icons, 
912:	
913:	onion, Stahl, 
914:	zeros, 
915:	
916:	Milne, 
917:	
918:	
919:	
920:	
921:	Brice, daily, 
922:	dizzy, Merle, 
923:	
924:	Mitch, Silas, Yoder, 
925:	damns, demon, 
926:	dines, 
927:	
928:	
929:	
930:	
931:	
932:	Helen, 
933:	usual, 
934:	Hindi, 
935:	
936:	
937:	Clara, 
938:	
939:	excel, poker, 
940:	Teddy, 
941:	
942:	
943:	eight, 
944:	pipes, 
945:	China, 
946:	
947:	
948:	NATOs, 
949:	keeps, 
950:	
951:	
952:	vapor, 
953:	payer, 
954:	Carla, 
955:	eases, Tosca, 
956:	eater, 
957:	
958:	
959:	
960:	
961:	Diane, wrath, 
962:	
963:	
964:	
965:	feels, flees, 
966:	
967:	
968:	
969:	fails, leaky, leapt, whirl, whisk, 
970:	
971:	licks, 
972:	
973:	women, 
974:	fangs, wines, 
975:	flock, whose, 
976:	
977:	amain, rears, 
978:	force, 
979:	Pusey, 
980:	
981:	
982:	lends, linen, waves, 
983:	
984:	aphid, 
985:	aging, alike, aside, rains, 
986:	larva, 
987:	
988:	abler, lithe, relay, 
989:	
990:	Effie, 
991:	Vegas, 
992:	alpha, 
993:	grief, means, 
994:	
995:	mossy, 
996:	
997:	games, 
998:	
999:	
1000:	
1001:	blabs, Frito, slash, slave, spare, 
1002:	burnt, sober, strut, Verde, 
1003:	backs, bushy, 
1004:	
1005:	brunt, seeks, sleds, spear, 
1006:	hunts, manes, 
1007:	
1008:	buxom, 
1009:	bribe, crazy, shire, 
1010:	
1011:	
1012:	belle, salve, solid, sulfa, 
1013:	Aleut, 
1014:	Linus, 
1015:	
1016:	biped, 
1017:	
1018:	Leroy, 
1019:	
1020:	bathe, 
1021:	
1022:	hinge, 
1023:	crown, 
1024:	Ampex, 
1025:	
1026:	Akron, curls, 
1027:	
1028:	tides, 
1029:	count, Gomez, these, truly, tweed, 
1030:	cafes, 
1031:	cager, 
1032:	input, 
1033:	Aryan, chick, Reich, 
1034:	
1035:	
1036:	cilia, tales, 
1037:	camel, dyers, tamer, 
1038:	naval, 
1039:	
1040:	
1041:	
1042:	circa, 
1043:	
1044:	
1045:	
1046:	zoned, 
1047:	doors, 
1048:	Sepoy, 
1049:	
1050:	Burke, 
1051:	uncle, 
1052:	
1053:	dread, 
1054:	
1055:	urged, 
1056:	
1057:	
1058:	
1059:	
1060:	Tudor, 
1061:	Creon, pumps, 
1062:	
1063:	plows, 
1064:	
1065:	Haifa, 
1066:	dared, enjoy, Norse, 
1067:	
1068:	
1069:	
1070:	Cindy, 
1071:	
1072:	
1073:	plied, 
1074:	
1075:	essay, vocal, 
1076:	piled, 
1077:	
1078:	
1079:	eagle, 
1080:	papal, 
1081:	
1082:	parch, 
1083:	
1084:	
1085:	
1086:	
1087:	
1088:	
1089:	
1090:	
1091:	
1092:	
1093:	
1094:	
1095:	fools, froth, 
1096:	
1097:	avant, 
1098:	
1099:	ascot, fishy, 
1100:	wader, 
1101:	lymph, 
1102:	
1103:	looms, 
1104:	
1105:	ruins, which, 
1106:	
1107:	
1108:	aglow, Vaduz, 
1109:	romps, 
1110:	annex, 
1111:	arose, riots, 
1112:	
1113:	Knapp, 
1114:	Percy, Perth, rebel, 
1115:	rests, 
1116:	gulfs, modus, radar, 
1117:	adult, ahead, lamed, 
1118:	anvil, Ernie, lance, 
1119:	
1120:	
1121:	brawl, 
1122:	girls, 
1123:	bucks, 
1124:	buddy, 
1125:	gourd, steps, 
1126:	menus, money, monks, 
1127:	moody, 
1128:	
1129:	slits, 
1130:	
1131:	masts, 
1132:	belly, bulbs, silts, 
1133:	
1134:	
1135:	broil, magic, shown, snoop, spoon, sword, 
1136:	super, 
1137:	mayor, scale, 
1138:	servo, spray, 
1139:	Lucas, 
1140:	sedge, 
1141:	bound, 
1142:	
1143:	hoofs, 
1144:	hopes, 
1145:	class, crams, 
1146:	
1147:	
1148:	
1149:	chess, 
1150:	
1151:	Roger, 
1152:	
1153:	chirp, cries, 
1154:	
1155:	Aiken, 
1156:	Adler, Allan, Latin, 
1157:	comer, 
1158:	Abner, cynic, 
1159:	close, troll, 
1160:	
1161:	
1162:	
1163:	
1164:	inlay, 
1165:	cough, 
1166:	
1167:	
1168:	
1169:	dwarf, owing, 
1170:	Babul, 
1171:	decoy, dicky, docks, 
1172:	
1173:	
1174:	
1175:	
1176:	
1177:	unify, 
1178:	Margo, 
1179:	
1180:	Bulba, dells, Mateo, 
1181:	
1182:	
1183:	Shoji, Sloan, 
1184:	
1185:	
1186:	Serra, 
1187:	joker, 
1188:	deter, 
1189:	
1190:	devil, 
1191:	
1192:	
1193:	
1194:	
1195:	pokes, 
1196:	MITRE, 
1197:	
1198:	
1199:	Naomi, 
1200:	
1201:	
1202:	
1203:	
1204:	
1205:	
1206:	
1207:	
1208:	pixel, 
1209:	qualm, 
1210:	COBOL, erred, 
1211:	
1212:	
1213:	
1214:	kinds, 
1215:	
1216:	
1217:	
1218:	
1219:	
1220:	
1221:	fleet, 
1222:	
1223:	
1224:	
1225:	fling, wring, 
1226:	
1227:	
1228:	Della, Judea, 
1229:	
1230:	
1231:	
1232:	wiper, 
1233:	
1234:	amber, 
1235:	
1236:	
1237:	arena, limbs, 
1238:	
1239:	angel, angle, right, 
1240:	fixed, waxer, 
1241:	afire, 
1242:	
1243:	laser, 
1244:	
1245:	
1246:	randy, 
1247:	anode, 
1248:	ripen, 
1249:	guide, meant, 
1250:	
1251:	musts, 
1252:	rater, 
1253:	
1254:	bunny, bunts, revel, rival, 
1255:	
1256:	
1257:	beady, brake, PHIGS, scaly, scars, shams, smash, 
1258:	burps, syrup, 
1259:	
1260:	
1261:	beefs, blend, break, sieve, 
1262:	sofas, 
1263:	begin, byway, 
1264:	moped, 
1265:	being, sails, shies, shill, spike, stiff, 
1266:	
1267:	baker, 
1268:	
1269:	
1270:	binge, sonic, 
1271:	Argos, score, 
1272:	
1273:	
1274:	
1275:	
1276:	haler, holed, LaTeX, nudge, 
1277:	Louis, 
1278:	
1279:	cross, 
1280:	
1281:	bayed, chain, chalk, naive, teams, 
1282:	cubed, hired, Rabin, yards, 
1283:	
1284:	
1285:	clean, creed, namer, teeth, 
1286:	nonce, 
1287:	cages, irony, 
1288:	
1289:	thing, 
1290:	
1291:	
1292:	
1293:	tames, 
1294:	toned, 
1295:	
1296:	
1297:	icing, 
1298:	
1299:	
1300:	catch, 
1301:	
1302:	Bantu, caved, 
1303:	drops, 
1304:	
1305:	
1306:	urban, 
1307:	
1308:	
1309:	Beebe, jumps, usurp, 
1310:	
1311:	pygmy, 
1312:	
1313:	Claus, 
1314:	Hirey, 
1315:	
1316:	
1317:	
1318:	
1319:	
1320:	
1321:	
1322:	
1323:	
1324:	Notre, petty, 
1325:	
1326:	
1327:	pager, 
1328:	
1329:	Irish, 
1330:	
1331:	
1332:	
1333:	
1334:	
1335:	Cowan, known, 
1336:	
1337:	voice, 
1338:	
1339:	
1340:	
1341:	
1342:	
1343:	
1344:	
1345:	
1346:	
1347:	
1348:	
1349:	
1350:	finny, 
1351:	flops, 
1352:	
1353:	
1354:	
1355:	
1356:	wades, 
1357:	
1358:	
1359:	
1360:	
1361:	weigh, 
1362:	lures, 
1363:	askew, lisps, 
1364:	laden, 
1365:	famed, 
1366:	
1367:	about, 
1368:	
1369:	
1370:	
1371:	risky, 
1372:	ridge, 
1373:	amuse, 
1374:	genus, 
1375:	goody, regal, 
1376:	
1377:	boast, boats, 
1378:	gable, 
1379:	
1380:	
1381:	bless, 
1382:	
1383:	Kiowa, 
1384:	
1385:	boils, stilt, 
1386:	Koran, 
1387:	
1388:	below, medic, solos, 
1389:	mouse, 
1390:	hefty, mover, 
1391:	bloom, short, swore, 
1392:	
1393:	
1394:	birth, 
1395:	
1396:	sided, 
1397:	
1398:	
1399:	bawls, bowel, 
1400:	hippo, sixth, 
1401:	Arabs, 
1402:	Rubin, 
1403:	Fiske, 
1404:	Wotan, 
1405:	chest, haunt, 
1406:	cuffs, 
1407:	
1408:	
1409:	chips, twigs, 
1410:	
1411:	
1412:	tolls, tulip, 
1413:	comes, 
1414:	infix, tents, tuner, 
1415:	cloud, tooth, 
1416:	
1417:	ovals, 
1418:	
1419:	
1420:	
1421:	could, opens, thump, 
1422:	civil, 
1423:	
1424:	
1425:	Sears, 
1426:	
1427:	
1428:	
1429:	dregs, Gouda, 
1430:	
1431:	
1432:	
1433:	
1434:	Hobbs, Marin, 
1435:	
1436:	
1437:	
1438:	
1439:	
1440:	depth, upper, 
1441:	
1442:	
1443:	Basel, jokes, 
1444:	until, 
1445:	piers, 
1446:	
1447:	Niger, 
1448:	
1449:	
1450:	
1451:	
1452:	poles, polio, 
1453:	Cheng, erect, 
1454:	
1455:	
1456:	
1457:	Chile, elite, 
1458:	purge, 
1459:	
1460:	
1461:	plume, 
1462:	
1463:	
1464:	
1465:	
1466:	
1467:	
1468:	
1469:	
1470:	
1471:	
1472:	
1473:	fears, flask, weary, 
1474:	furry, 
1475:	facts, 
1476:	
1477:	
1478:	Defoe, fifth, 
1479:	
1480:	
1481:	loath, waist, waits, whims, 
1482:	lobby, 
1483:	Dakar, 
1484:	
1485:	fumed, wombs, 
1486:	fancy, wings, 
1487:	light, 
1488:	wipes, 
1489:	
1490:	abbot, Dirac, fares, Pyrex, world, 
1491:	likes, 
1492:	alder, 
1493:	
1494:	
1495:	
1496:	Japan, leper, waxes, 
1497:	adieu, grabs, grail, grape, 
1498:	
1499:	asked, Essex, gusts, 
1500:	later, 
1501:	
1502:	level, livid, ranks, 
1503:	
1504:	
1505:	
1506:	
1507:	
1508:	rates, ratio, 
1509:	mousy, 
1510:	
1511:	booty, brows, 
1512:	
1513:	beaks, blare, mails, maize, snafu, spank, spate, stabs, 
1514:	
1515:	
1516:	sadly, 
1517:	blear, bouts, scent, seems, sleet, smell, sneer, steel, 
1518:	gavel, 
1519:	
1520:	
1521:	bride, heals, sling, years, 
1522:	
1523:	bakes, husky, 
1524:	baler, hides, salon, 
1525:	
1526:	sends, 
1527:	shone, smock, 
1528:	
1529:	
1530:	
1531:	necks, 
1532:	cults, 
1533:	homed, 
1534:	
1535:	
1536:	
1537:	chase, crack, toads, 
1538:	corny, harem, 
1539:	cacti, Rican, 
1540:	
1541:	names, theft, trust, 
1542:	
1543:	hewed, tiger, 
1544:	
1545:	child, cliff, inane, third, 
1546:	
1547:	
1548:	
1549:	Boers, Brent, 
1550:	
1551:	
1552:	
1553:	
1554:	
1555:	inked, 
1556:	olden, 
1557:	dumps, 
1558:	offer, 
1559:	Stowe, 
1560:	
1561:	
1562:	
1563:	
1564:	
1565:	Snead, 
1566:	Savoy, 
1567:	Bowen, 
1568:	
1569:	Boyle, 
1570:	
1571:	
1572:	
1573:	
1574:	
1575:	ploys, 
1576:	
1577:	plane, 
1578:	
1579:	picas, 
1580:	Colby, dated, Tyler, 
1581:	Timmy, 
1582:	
1583:	pages, 
1584:	
1585:	Ozark, 
1586:	Chris, 
1587:	
1588:	Cathy, ended, video, 
1589:	
1590:	panel, penal, pined, 
1591:	
1592:	
1593:	frays, Orion, 
1594:	
1595:	
1596:	patch, 
1597:	kneed, 
1598:	paved, 
1599:	
1600:	
1601:	foist, 
1602:	
1603:	
1604:	
1605:	
1606:	
1607:	
1608:	
1609:	
1610:	forks, 
1611:	Decca, 
1612:	lulls, 
1613:	wheel, wield, 
1614:	Davis, wafer, 
1615:	
1616:	foxes, 
1617:	
1618:	
1619:	
1620:	allot, 
1621:	
1622:	wench, 
1623:	atoll, legal, 
1624:	
1625:	grins, 
1626:	auras, farad, robed, 
1627:	
1628:	lilac, 
1629:	Elmer, 
1630:	
1631:	grove, 
1632:	ached, 
1633:	abide, bravo, brawn, 
1634:	
1635:	
1636:	
1637:	grubs, 
1638:	ranch, 
1639:	gawky, 
1640:	raped, 
1641:	blips, swirl, 
1642:	
1643:	
1644:	belts, medal, 
1645:	
1646:	moves, 
1647:	mower, shots, slops, stool, stove, 
1648:	
1649:	beach, shack, 
1650:	borer, straw, 
1651:	
1652:	badge, setup, Wiley, Wylie, 
1653:	bluer, hymen, shuns, slump, spunk, squaw, stubs, stung, 
1654:	
1655:	
1656:	
1657:	Alamo, style, 
1658:	Fermi, horse, 
1659:	
1660:	Andre, Arden, 
1661:	
1662:	
1663:	
1664:	
1665:	trims, 
1666:	
1667:	noses, 
1668:	
1669:	Amman, comet, 
1670:	cones, Runge, tunes, 
1671:	clogs, 
1672:	
1673:	
1674:	table, 
1675:	
1676:	cites, 
1677:	
1678:	
1679:	
1680:	
1681:	
1682:	
1683:	
1684:	
1685:	Steen, 
1686:	
1687:	Maori, 
1688:	
1689:	drier, Yeats, 
1690:	Hurst, Mario, 
1691:	
1692:	Bilbo, 
1693:	
1694:	
1695:	Bloch, 
1696:	
1697:	Haiti, 
1698:	derby, 
1699:	discs, 
1700:	
1701:	jumbo, poems, 
1702:	Hanoi, puffs, 
1703:	
1704:	
1705:	Craig, 
1706:	dozed, 
1707:	
1708:	pills, Yates, 
1709:	
1710:	ponds, 
1711:	prone, 
1712:	
1713:	epics, pique, 
1714:	
1715:	paced, 
1716:	petri, 
1717:	
1718:	Tanya, 
1719:	
1720:	
1721:	quash, 
1722:	Circe, earth, 
1723:	
1724:	
1725:	queer, 
1726:	eaves, 
1727:	
1728:	vexes, 
1729:	frank, fraud, 
1730:	
1731:	
1732:	
1733:	flesh, 
1734:	
1735:	Downs, fight, 
1736:	
1737:	Dwyer, faint, flier, least, 
1738:	
1739:	
1740:	falls, filer, 
1741:	
1742:	Dinah, 
1743:	avows, login, 
1744:	
1745:	awake, 
1746:	
1747:	rusty, 
1748:	redly, 
1749:	
1750:	lingo, rafts, 
1751:	aegis, 
1752:	
1753:	alien, rhino, 
1754:	
1755:	
1756:	
1757:	armed, glees, 
1758:	rinds, 
1759:	Knott, 
1760:	
1761:	Egypt, 
1762:	
1763:	
1764:	madly, 
1765:	
1766:	gangs, roved, Vinci, 
1767:	
1768:	gapes, 
1769:	blase, brand, maims, sealy, sharp, 
1770:	burly, burrs, Kajar, 
1771:	
1772:	budge, 
1773:	
1774:	mends, 
1775:	beget, sighs, 
1776:	
1777:	hoard, shift, stick, 
1778:	Faber, 
1779:	
1780:	bales, 
1781:	
1782:	Rufus, sense, 
1783:	Angus, 
1784:	mixed, 
1785:	Flynn, 
1786:	
1787:	
1788:	Waldo, 
1789:	needy, squad, 
1790:	hands, honed, 
1791:	
1792:	
1793:	clang, Leila, trail, 
1794:	
1795:	cocoa, costs, 
1796:	Alton, 
1797:	cheat, their, 
1798:	Lange, Lanka, 
1799:	
1800:	
1801:	trial, twice, 
1802:	Garry, 
1803:	
1804:	
1805:	
1806:	
1807:	Rhoda, 
1808:	taper, 
1809:	
1810:	
1811:	
1812:	dully, Solly, 
1813:	
1814:	Benny, Xenia, 
1815:	drown, 
1816:	
1817:	Moyer, 
1818:	Burne, 
1819:	
1820:	dodge, 
1821:	
1822:	junky, 
1823:	
1824:	
1825:	Bryan, 
1826:	
1827:	
1828:	octal, 
1829:	exert, eyers, 
1830:	
1831:	
1832:	poppy, 
1833:	Clint, phase, 
1834:	ports, 
1835:	
1836:	
1837:	
1838:	
1839:	
1840:	
1841:	
1842:	
1843:	Costa, 
1844:	
1845:	query, 
1846:	
1847:	knots, vague, 
1848:	
1849:	knack, koala, quits, 
1850:	
1851:	
1852:	villa, 
1853:	
1854:	
1855:	
1856:	
1857:	
1858:	eared, 
1859:	
1860:	Dylan, folly, 
1861:	
1862:	
1863:	flown, froze, 
1864:	
1865:	
1866:	
1867:	fuses, 
1868:	Dutch, 
1869:	
1870:	Jones, 
1871:	angst, argot, loops, wager, 
1872:	
1873:	amiss, 
1874:	
1875:	alkyl, waken, 
1876:	axles, lutes, 
1877:	liege, 
1878:	wince, 
1879:	
1880:	
1881:	roach, 
1882:	Perez, 
1883:	racer, 
1884:	
1885:	
1886:	
1887:	goofy, groom, 
1888:	
1889:	brass, glade, 
1890:	
1891:	
1892:	multi, 
1893:	
1894:	mints, range, 
1895:	
1896:	
1897:	brisk, stint, 
1898:	marry, moron, 
1899:	
1900:	sulks, 
1901:	
1902:	Kevin, sinus, 
1903:	booby, magna, 
1904:	
1905:	Weiss, 
1906:	bores, strip, 
1907:	bison, 
1908:	sedan, Wills, 
1909:	blues, shunt, 
1910:	
1911:	
1912:	
1913:	crawl, Loire, 
1914:	Lizzy, 
1915:	cocky, hoses, 
1916:	Andes, 
1917:	youth, 
1918:	
1919:	Alger, 
1920:	
1921:	
1922:	
1923:	
1924:	notes, tilts, 
1925:	inept, Romeo, 
1926:	Annie, canny, 
1927:	clove, 
1928:	Appia, 
1929:	ivies, 
1930:	
1931:	Rosie, 
1932:	isles, 
1933:	Aruba, chunk, chute, clubs, clung, crumb, 
1934:	
1935:	ought, 
1936:	
1937:	Royce, 
1938:	
1939:	
1940:	
1941:	
1942:	
1943:	odors, 
1944:	
1945:	dries, drill, 
1946:	
1947:	
1948:	doles, 
1949:	
1950:	
1951:	
1952:	
1953:	
1954:	
1955:	
1956:	
1957:	dough, 
1958:	
1959:	
1960:	
1961:	Clare, exact, 
1962:	
1963:	
1964:	
1965:	
1966:	pinks, 
1967:	
1968:	
1969:	peace, 
1970:	
1971:	Incas, 
1972:	
1973:	
1974:	
1975:	elope, 
1976:	
1977:	quasi, 
1978:	Terra, Torah, 
1979:	
1980:	
1981:	quell, vault, 
1982:	kings, 
1983:	
1984:	
1985:	feast, feats, 
1986:	
1987:	fussy, 
1988:	widow, 
1989:	Deere, 
1990:	
1991:	
1992:	
1993:	flies, 
1994:	
1995:	lusty, 
1996:	files, 
1997:	
1998:	
1999:	
2000:	
2001:	adapt, 
2002:	forge, warms, wires, 
2003:	recur, wiser, 
2004:	fates, Potts, 
2005:	fluff, limes, 
2006:	liner, lunch, 
2007:	
2008:	
2009:	alias, gnash, grain, reins, 
2010:	
2011:	
2012:	giddy, 
2013:	green, remit, 
2014:	annal, loved, rangy, renew, rinse, 
2015:	Edgar, 
2016:	repay, rupee, 
2017:	mealy, 
2018:	Parke, 
2019:	resin, risen, 
2020:	Kodak, modes, 
2021:	Paula, 
2022:	genre, raves, 
2023:	rawer, rowed, 
2024:	
2025:	beams, blank, board, mains, seamy, shawl, snark, stain, stalk, stare, 
2026:	Verdi, 
2027:	
2028:	
2029:	bleat, glued, 
2030:	
2031:	sight, 
2032:	
2033:	brief, saint, skies, skill, snipe, spine, Waals, yeast, 
2034:	hurts, mares, 
2035:	
2036:	
2037:	
2038:	bands, boned, sandy, 
2039:	broad, smoke, 
2040:	
2041:	
2042:	birch, scrub, spree, 
2043:	
2044:	satin, 
2045:	
2046:	yanks, 
2047:	
2048:	
2049:	claim, 
2050:	cubic, sized, 
2051:	Alsop, 
2052:	
2053:	court, creak, trend, 
2054:	Linda, 
2055:	cigar, 
2056:	
2057:	Blatz, chime, click, Ghana, tails, trick, 
2058:	
2059:	
2060:	Molly, 
2061:	Raman, 
2062:	canoe, navel, Renee, tonic, 
2063:	
2064:	tapes, 
2065:	
2066:	Marty, 
2067:	
2068:	
2069:	
2070:	zonal, 
2071:	
2072:	
2073:	
2074:	Babel, 
2075:	ulcer, 
2076:	
2077:	drums, 
2078:	
2079:	
2080:	
2081:	
2082:	Harpy, juror, 
2083:	
2084:	
2085:	
2086:	dined, 
2087:	
2088:	
2089:	
2090:	
2091:	packs, posts, 
2092:	paddy, 
2093:	pours, 
2094:	
2095:	
2096:	
2097:	
2098:	Turin, 
2099:	
2100:	
2101:	
2102:	pinch, Sino-, 
2103:	
2104:	piped, 
2105:	
2106:	perch, 
2107:	NASAs, 
2108:	
2109:	
2110:	
2111:	
2112:	
2113:	
2114:	verge, 
2115:	eased, 
2116:	vitae, 
2117:	
2118:	lofty, 
2119:	floss, 
2120:	
2121:	
2122:	forms, 
2123:	
2124:	fetus, widen, 
2125:	
2126:	
2127:	wages, 
2128:	
2129:	axiom, 
2130:	
2131:	
2132:	
2133:	rumor, 
2134:	annul, wined, 
2135:	agony, 
2136:	
2137:	grips, guilt, 
2138:	
2139:	Pusan, races, 
2140:	aided, watch, 
2141:	
2142:	waved, 
2143:	ghost, rowdy, 
2144:	
2145:	brats, moist, 
2146:	
2147:	
2148:	Eaton, 
2149:	swept, 
2150:	minus, 
2151:	Edwin, moons, 
2152:	
2153:	hoary, spiny, spits, swims, 
2154:	
2155:	
2156:	
2157:	gamed, 
2158:	
2159:	booth, shout, smoky, stomp, stork, 
2160:	
2161:	shake, space, 
2162:	borax, sirup, stray, 
2163:	
2164:	satyr, 
2165:	south, studs, Wyman, 
2166:	honey, nifty, 
2167:	Woods, 
2168:	
2169:	claws, coast, coats, 
2170:	
2171:	
2172:	
2173:	chews, tress, 
2174:	
2175:	nooks, 
2176:	
2177:	Asian, coils, 
2178:	
2179:	incur, 
2180:	Allen, 
2181:	Greta, 
2182:	
2183:	cloth, ingot, Raoul, tools, 
2184:	copes, copse, 
2185:	
2186:	cabal, 
2187:	naked, 
2188:	islet, tided, 
2189:	
2190:	
2191:	tower, zooms, 
2192:	
2193:	Blair, unary, 
2194:	Burtt, 
2195:	
2196:	Miles, 
2197:	dwell, 
2198:	
2199:	
2200:	
2201:	drink, 
2202:	
2203:	
2204:	
2205:	domes, 
2206:	
2207:	drone, 
2208:	
2209:	
2210:	darns, 
2211:	Hokan, 
2212:	
2213:	
2214:	
2215:	
2216:	
2217:	
2218:	Hiram, jerks, 
2219:	
2220:	jaded, Nolan, 
2221:	elegy, joule, 
2222:	pants, 
2223:	prong, proof, 
2224:	
2225:	
2226:	
2227:	
2228:	
2229:	pound, 
2230:	
2231:	
2232:	
2233:	quark, 
2234:	
2235:	
2236:	
2237:	
2238:	
2239:	knobs, vowel, 
2240:	
2241:	
2242:	Debby, 
2243:	
2244:	
2245:	freer, 
2246:	
2247:	
2248:	
2249:	friar, liars, whips, write, 
2250:	
2251:	
2252:	Delhi, felon, 
2253:	liens, 
2254:	finds, finer, wanly, windy, 
2255:	flood, flora, 
2256:	
2257:	lairs, roams, 
2258:	warns, 
2259:	rocks, 
2260:	
2261:	fluid, lemon, would, 
2262:	lines, 
2263:	rogue, 
2264:	
2265:	align, gears, graph, 
2266:	Elroy, 
2267:	ankle, 
2268:	
2269:	
2270:	
2271:	adore, 
2272:	
2273:	gains, 
2274:	
2275:	
2276:	
2277:	rouge, 
2278:	genes, 
2279:	might, 
2280:	
2281:	beans, seats, shaky, slams, snarl, stall, 
2282:	burst, major, 
2283:	
2284:	butyl, 
2285:	seeps, spell, 
2286:	
2287:	
2288:	
2289:	blind, seize, 
2290:	
2291:	
2292:	mater, 
2293:	
2294:	Linux, 
2295:	
2296:	
2297:	
2298:	
2299:	
2300:	Allyn, halve, sates, Willa, 
2301:	
2302:	Ainus, 
2303:	crows, 
2304:	hoped, 
2305:	chair, Leigh, nails, tract, train, 
2306:	cobra, 
2307:	cusps, ticks, 
2308:	Anton, cider, hitch, 
2309:	cheer, clear, teems, 
2310:	
2311:	
2312:	
2313:	climb, cried, think, 
2314:	
2315:	Bucky, cakes, 
2316:	
2317:	
2318:	tends, 
2319:	
2320:	
2321:	
2322:	
2323:	
2324:	tithe, 
2325:	dummy, 
2326:	
2327:	
2328:	
2329:	drama, 
2330:	dirty, Strom, 
2331:	
2332:	
2333:	deeds, 
2334:	
2335:	
2336:	
2337:	privy, 
2338:	Bizet, 
2339:	
2340:	
2341:	
2342:	punts, 
2343:	diode, 
2344:	
2345:	Italy, SPARC, 
2346:	
2347:	
2348:	Indus, 
2349:	
2350:	Tunis, 
2351:	
2352:	Nixon, 
2353:	price, 
2354:	error, 
2355:	poked, vices, 
2356:	
2357:	
2358:	
2359:	
2360:	
2361:	elide, 
2362:	
2363:	BASIC, 
2364:	
2365:	
2366:	
2367:	
2368:	
2369:	payed, 
2370:	
2371:	Occam, 
2372:	
2373:	
2374:	Danny, Dunne, 
2375:	flour, 
2376:	
2377:	flack, weave, wharf, 
2378:	ferry, first, worst, 
2379:	
2380:	fatty, fitly, 
2381:	weeds, 
2382:	awful, Janus, 
2383:	
2384:	
2385:	
2386:	libel, 
2387:	laces, lists, 
2388:	allow, 
2389:	
2390:	annum, fence, 
2391:	roomy, 
2392:	
2393:	react, reads, 
2394:	array, farce, Parrs, 
2395:	asses, mucus, recta, 
2396:	aster, radio, retry, rotor, 
2397:	abuts, 
2398:	
2399:	rigid, 
2400:	
2401:	stays, 
2402:	
2403:	
2404:	relic, 
2405:	
2406:	
2407:	
2408:	
2409:	bliss, gayly, 
2410:	buzzy, 
2411:	muses, 
2412:	
2413:	Freud, mouth, 
2414:	
2415:	brook, shows, 
2416:	
2417:	Leary, shale, 
2418:	bursa, saber, 
2419:	
2420:	hilts, 
2421:	siege, slums, swung, 
2422:	mania, 
2423:	hooks, 
2424:	
2425:	shied, 
2426:	
2427:	
2428:	hedge, 
2429:	house, 
2430:	hover, 
2431:	
2432:	
2433:	Anita, clips, trips, twirl, 
2434:	north, 
2435:	
2436:	colon, 
2437:	Glenn, inert, items, niece, 
2438:	tinny, tints, 
2439:	
2440:	
2441:	
2442:	cords, corer, tarry, 
2443:	cache, 
2444:	Giles, 
2445:	cruel, truer, 
2446:	civet, 
2447:	caged, 
2448:	
2449:	diary, 
2450:	
2451:	
2452:	Gates, inter, 
2453:	Buena, diets, tamed, 
2454:	Menlo, 
2455:	
2456:	
2457:	dairy, drift, 
2458:	
2459:	Hicks, onset, Sikhs, 
2460:	
2461:	
2462:	Hafiz, 
2463:	
2464:	
2465:	
2466:	
2467:	
2468:	jelly, 
2469:	
2470:	
2471:	
2472:	
2473:	Yaqui, 
2474:	Cabot, Cuban, 
2475:	
2476:	
2477:	Hausa, views, 
2478:	Nancy, 
2479:	
2480:	
2481:	Ching, exile, Izaak, 
2482:	
2483:	
2484:	
2485:	knelt, 
2486:	
2487:	
2488:	
2489:	psych, 
2490:	earls, 
2491:	
2492:	Titan, 
2493:	queue, vaunt, 
2494:	
2495:	
2496:	Texan, 
2497:	
2498:	
2499:	
2500:	
2501:	frees, 
2502:	
2503:	
2504:	
2505:	fairs, whirr, 
2506:	Jubal, 
2507:	locks, 
2508:	
2509:	
2510:	fines, winks, 
2511:	frock, whorl, wooer, 
2512:	
2513:	
2514:	
2515:	Jakes, 
2516:	waded, 
2517:	areas, 
2518:	Ernst, 
2519:	Emory, rigor, 
2520:	abhor, 
2521:	giant, glaze, grate, guard, rainy, 
2522:	lured, 
2523:	
2524:	
2525:	Elena, great, ramps, 
2526:	Ponce, rings, 
2527:	Paoli, 
2528:	
2529:	meats, 
2530:	
2531:	micro, reset, 
2532:	galls, gilds, gulch, 
2533:	
2534:	
2535:	
2536:	
2537:	soaks, spark, state, swami, 
2538:	Verna, 
2539:	busts, gases, 
2540:	
2541:	steep, 
2542:	befit, 
2543:	baggy, 
2544:	
2545:	heaps, shirk, stile, 
2546:	
2547:	
2548:	mates, solar, 
2549:	heels, 
2550:	banjo, 
2551:	shore, 
2552:	
2553:	hails, Waite, 
2554:	barbs, siren, 
2555:	nicks, 
2556:	bitch, Wilma, 
2557:	
2558:	hangs, saver, seven, 
2559:	
2560:	
2561:	tears, 
2562:	curly, 
2563:	Accra, 
2564:	
2565:	cream, teens, 
2566:	havoc, 
2567:	McGee, 
2568:	
2569:	
2570:	
2571:	
2572:	talks, 
2573:	
2574:	tense, 
2575:	chock, 
2576:	topic, 
2577:	Glynn, 
2578:	throb, 
2579:	irked, 
2580:	older, 
2581:	
2582:	
2583:	
2584:	
2585:	death, 
2586:	Boris, 
2587:	decay, 
2588:	daddy, 
2589:	Sneed, 
2590:	defer, 
2591:	
2592:	
2593:	
2594:	
2595:	
2596:	
2597:	every, 
2598:	
2599:	prows, 
2600:	
2601:	peaks, pearl, plain, 
2602:	Sarah, 
2603:	joked, 
2604:	
2605:	deuce, pouts, 
2606:	
2607:	
2608:	Cappy, 
2609:	pride, 
2610:	Injun, 
2611:	
2612:	paler, poled, 
2613:	
2614:	
2615:	eager, knows, 
2616:	
2617:	
2618:	
2619:	
2620:	vales, 
2621:	
2622:	
2623:	
2624:	
2625:	
2626:	
2627:	Olson, 
2628:	
2629:	
2630:	
2631:	front, 
2632:	Johns, 
2633:	
2634:	forum, 
2635:	faces, fists, Jukes, 
2636:	fader, 
2637:	fouls, wheat, 
2638:	
2639:	
2640:	
2641:	leads, while, 
2642:	
2643:	
2644:	
2645:	guess, 
2646:	
2647:	roost, roots, 
2648:	wiped, 
2649:	Klaus, 
2650:	apron, fared, 
2651:	apsis, asset, liked, 
2652:	Ellis, golly, gulls, 
2653:	
2654:	
2655:	
2656:	waxed, 
2657:	
2658:	
2659:	gassy, 
2660:	
2661:	Kumar, 
2662:	
2663:	buggy, 
2664:	rapid, 
2665:	stirs, 
2666:	
2667:	
2668:	rated, 
2669:	Freya, 
2670:	
2671:	books, slots, stoop, storm, 
2672:	
2673:	scare, shame, slack, 
2674:	beryl, strew, 
2675:	
2676:	
2677:	beech, blush, scene, 
2678:	
2679:	
2680:	
2681:	clays, crass, styli, trays, 
2682:	
2683:	baked, 
2684:	
2685:	nymph, 
2686:	
2687:	
2688:	
2689:	coins, 
2690:	
2691:	McKay, 
2692:	Riley, 
2693:	Greer, scuba, 
2694:	Agnes, Levin, 
2695:	
2696:	
2697:	Ababa, Geigy, 
2698:	cores, 
2699:	tests, 
2700:	ceded, 
2701:	clues, named, trues, 
2702:	Xenix, 
2703:	tawny, 
2704:	
2705:	drawl, opium, 
2706:	Sybil, 
2707:	ducks, inset, 
2708:	Soddy, 
2709:	
2710:	Gavin, 
2711:	Biggs, 
2712:	
2713:	Bairn, Brian, daisy, drive, Healy, 
2714:	Marcy, 
2715:	
2716:	
2717:	
2718:	
2719:	
2720:	doper, 
2721:	
2722:	Berra, 
2723:	desks, upset, 
2724:	Haley, 
2725:	
2726:	diver, 
2727:	
2728:	
2729:	
2730:	
2731:	
2732:	pelts, pilot, 
2733:	
2734:	
2735:	
2736:	ether, 
2737:	peach, 
2738:	
2739:	
2740:	
2741:	vomit, 
2742:	
2743:	paged, 
2744:	
2745:	
2746:	
2747:	Oscar, visit, 
2748:	kills, 
2749:	equal, 
2750:	
2751:	
2752:	
2753:	flaps, foams, wraps, 
2754:	Dubhe, 
2755:	Ibsen, 
2756:	
2757:	Diego, 
2758:	
2759:	
2760:	
2761:	loans, 
2762:	
2763:	
2764:	
2765:	
2766:	wants, 
2767:	float, whoop, wrong, 
2768:	
2769:	alarm, avail, Prado, 
2770:	warps, 
2771:	
2772:	
2773:	lamps, wound, 
2774:	David, 
2775:	anger, 
2776:	
2777:	amigo, graft, 
2778:	larks, 
2779:	
2780:	rally, 
2781:	
2782:	
2783:	above, afore, Vogel, 
2784:	
2785:	going, grime, grind, layer, 
2786:	
2787:	musty, 
2788:	
2789:	reuse, 
2790:	
2791:	buoys, 
2792:	
2793:	scary, slant, stags, swain, 
2794:	gorge, 
2795:	sects, 
2796:	butts, melon, molar, 
2797:	beefy, seers, swear, 
2798:	minds, miner, munch, 
2799:	sugar, 
2800:	
2801:	brick, smite, 
2802:	marsh, moral, 
2803:	
2804:	Fidel, 
2805:	
2806:	bangs, moved, sines, 
2807:	Argus, block, shoes, spoke, 
2808:	
2809:	nears, 
2810:	
2811:	basil, 
2812:	nodes, 
2813:	snuff, 
2814:	saves, 
2815:	
2816:	
2817:	clank, crane, 
2818:	horde, 
2819:	
2820:	
2821:	Adele, chefs, Myers, treat, 
2822:	haven, 
2823:	tight, 
2824:	
2825:	chili, coypu, taint, 
2826:	Gerry, 
2827:	nosed, 
2828:	
2829:	Brest, 
2830:	caner, infra, tuned, 
2831:	Moors, Rhode, thong, 
2832:	
2833:	
2834:	torch, 
2835:	
2836:	cited, idler, 
2837:	opera, thumb, 
2838:	
2839:	organ, 
2840:	
2841:	drake, 
2842:	Barry, Byrne, debug, 
2843:	
2844:	ditty, under, 
2845:	jumpy, Siena, 
2846:	
2847:	Bowes, 
2848:	
2849:	deign, Spica, 
2850:	
2851:	
2852:	oaten, 
2853:	joust, 
2854:	
2855:	
2856:	
2857:	peals, 
2858:	purrs, 
2859:	
2860:	
2861:	pleas, 
2862:	
2863:	
2864:	
2865:	evade, Noyes, 
2866:	
2867:	
2868:	extol, pales, 
2869:	Owens, 
2870:	
2871:	
2872:	
2873:	
2874:	
2875:	
2876:	Caleb, valet, 
2877:	
2878:	
2879:	
2880:	
2881:	quaff, 
2882:	
2883:	
2884:	
2885:	
2886:	fonts, 
2887:	
2888:	vexed, 
2889:	flake, 
2890:	
2891:	facet, 
2892:	fades, Jules, Julio, witty, 
2893:	avers, fruit, lumps, wreak, 
2894:	Devon, 
2895:	angry, loots, 
2896:	
2897:	lease, 
2898:	lurks, 
2899:	
2900:	alloy, 
2901:	armor, guest, 
2902:	
2903:	
2904:	
2905:	apace, Ewing, realm, 
2906:	Porte, 
2907:	assay, 
2908:	
2909:	
2910:	Venus, 
2911:	algae, gloss, 
2912:	
2913:	
2914:	
2915:	
2916:	Kelly, 
2917:	mommy, stews, 
2918:	
2919:	
2920:	
2921:	
2922:	Kirby, merry, 
2923:	macho, 
2924:	bylaw, hydro, Kathy, 
2925:	
2926:	
2927:	booze, broom, broth, snort, swoon, 
2928:	gaped, 
2929:	blade, Keyes, scarf, smack, 
2930:	
2931:	
2932:	Felix, 
2933:	slurp, souls, 
2934:	hints, honor, manic, 
2935:	bower, 
2936:	
2937:	Araby, 
2938:	harry, 
2939:	
2940:	Ryder, 
2941:	
2942:	
2943:	Algol, noons, 
2944:	
2945:	
2946:	nurse, 
2947:	nests, 
2948:	
2949:	Ghent, 
2950:	cents, 
2951:	Amoco, chops, troop, 
2952:	
2953:	
2954:	carts, FORTH, throw, 
2955:	Micky, 
2956:	
2957:	ovens, trunk, 
2958:	
2959:	
2960:	
2961:	Stacy, 
2962:	Garth, zebra, 
2963:	
2964:	
2965:	users, 
2966:	owner, 
2967:	ozone, 
2968:	
2969:	dying, 
2970:	Moran, 
2971:	
2972:	outdo, 
2973:	
2974:	dingy, 
2975:	
2976:	dopes, 
2977:	plays, 
2978:	
2979:	
2980:	datum, 
2981:	Hamey, 
2982:	dives, junta, 
2983:	dowel, Negro, 
2984:	
2985:	
2986:	elbow, 
2987:	
2988:	palsy, pulse, 
2989:	jaunt, 
2990:	
2991:	prose, 
2992:	
2993:	edits, Haydn, 
2994:	pores, 
2995:	poser, 
2996:	Chloe, Telex, 
2997:	
2998:	vents, 
2999:	pawns, 
3000:	
3001:	
3002:	earns, Terre, 
3003:	
3004:	voter, 
3005:	Thule, 
3006:	
3007:	knoll, 
3008:	
3009:	Draco, flaky, quill, 
3010:	
3011:	
3012:	kites, 
3013:	
3014:	
3015:	
3016:	
3017:	
3018:	
3019:	
3020:	filth, 
3021:	
3022:	
3023:	Pyotr, woofs, 
3024:	
3025:	amaze, 
3026:	
3027:	fused, wasps, 
3028:	
3029:	adept, feuds, fluke, James, 
3030:	affix, Davie, lynch, wives, 
3031:	
3032:	gypsy, 
3033:	grave, 
3034:	lurch, 
3035:	gusty, 
3036:	gutsy, roles, 
3037:	aimer, 
3038:	lever, 
3039:	
3040:	Papua, 
3041:	guild, Kuala, 
3042:	acres, 
3043:	aisle, riser, 
3044:	
3045:	rough, 
3046:	
3047:	
3048:	
3049:	brain, rhyme, slaps, stair, stave, 
3050:	
3051:	socks, 
3052:	badly, biddy, 
3053:	steer, 
3054:	mines, 
3055:	
3056:	
3057:	hears, spire, 
3058:	hurry, 
3059:	
3060:	Katie, sells, 
3061:	
3062:	bends, sonar, 
3063:	Fagin, mowed, slope, 
3064:	maxim, 
3065:	
3066:	bards, barer, berne, bored, serfs, 
3067:	hiker, 
3068:	betel, 
3069:	
3070:	
3071:	night, 
3072:	
3073:	twang, 
3074:	hares, 
3075:	
3076:	Altos, today, 
3077:	creek, crust, 
3078:	
3079:	Rigel, 
3080:	
3081:	clime, 
3082:	
3083:	token, 
3084:	noted, tiles, 
3085:	Brett, timer, 
3086:	tanks, 
3087:	choke, cloak, 
3088:	
3089:	
3090:	
3091:	taste, 
3092:	idles, 
3093:	
3094:	
3095:	Sioux, 
3096:	
3097:	Maine, 
3098:	debit, 
3099:	
3100:	Baden, 
3101:	
3102:	
3103:	dogma, 
3104:	
3105:	dried, 
3106:	
3107:	
3108:	doled, judge, Salle, 
3109:	Chevy, Samoa, 
3110:	
3111:	
3112:	
3113:	exist, exits, plank, plate, 
3114:	
3115:	pecks, Tokyo, 
3116:	Helga, 
3117:	pleat, 
3118:	
3119:	
3120:	
3121:	
3122:	dazed, 
3123:	
3124:	
3125:	enema, 
3126:	
3127:	
3128:	
3129:	
3130:	
3131:	
3132:	petal, value, 
3133:	
3134:	vanes, 
3135:	Orono, 
3136:	
3137:	knife, Omaha, 
3138:	
3139:	
3140:	
3141:	
3142:	kanji, 
3143:	flows, 
3144:	kappa, 
3145:	Pratt, 
3146:	
3147:	
3148:	wider, 
3149:	avert, field, where, 
3150:	
3151:	fowls, 
3152:	
3153:	Doyle, Erato, gravy, weird, whine, 
3154:	
3155:	local, wakes, 
3156:	filed, lodge, 
3157:	
3158:	
3159:	lager, 
3160:	
3161:	grist, grits, 
3162:	wired, 
3163:	
3164:	fated, 
3165:	
3166:	rifle, 
3167:	rages, 
3168:	
3169:	abyss, grace, 
3170:	large, 
3171:	
3172:	
3173:	
3174:	renal, 
3175:	abode, adobe, bogus, 
3176:	
3177:	built, 
3178:	
3179:	Fuchs, maces, mists, 
3180:	
3181:	
3182:	raved, sonny, 
3183:	booms, 
3184:	
3185:	hoist, snack, 
3186:	boron, 
3187:	bosom, 
3188:	
3189:	mamma, shuts, 
3190:	
3191:	Fiori, 
3192:	boxer, 
3193:	bayou, skied, slice, 
3194:	
3195:	
3196:	nulls, 
3197:	crept, yield, 
3198:	Lindy, 
3199:	
3200:	
3201:	Grady, twins, 
3202:	Loren, 
3203:	niche, 
3204:	
3205:	
3206:	
3207:	croft, crook, 
3208:	types, 
3209:	chafe, 
3210:	cable, 
3211:	casts, Rosen, 
3212:	tidal, 
3213:	
3214:	
3215:	
3216:	
3217:	drawn, omits, 
3218:	Xebec, 
3219:	Becky, 
3220:	
3221:	
3222:	
3223:	
3224:	taped, 
3225:	Buick, units, 
3226:	Marks, 
3227:	dukes, 
3228:	Sally, 
3229:	
3230:	Santo, 
3231:	
3232:	depot, 
3233:	joins, Mayer, 
3234:	
3235:	
3236:	
3237:	daunt, 
3238:	Haney, Yentl, 
3239:	
3240:	
3241:	point, prize, Tracy, 
3242:	
3243:	Nikko, 
3244:	polls, 
3245:	
3246:	penny, pinto, 
3247:	photo, proud, 
3248:	pupil, 
3249:	
3250:	parts, 
3251:	poses, posse, 
3252:	
3253:	Irene, plunk, prune, 
3254:	
3255:	evoke, Ziggy, 
3256:	
3257:	
3258:	
3259:	
3260:	votes, 
3261:	Inman, 
3262:	
3263:	Ilona, kiosk, 
3264:	
3265:	quiet, quite, 
3266:	Dobbs, 
3267:	
3268:	
3269:	fresh, wrens, 
3270:	
3271:	
3272:	
3273:	
3274:	
3275:	
3276:	folds, 
3277:	
3278:	
3279:	
3280:	
3281:	award, 
3282:	firer, robot, words, 
3283:	
3284:	
3285:	abets, agent, limit, 
3286:	fever, woven, 
3287:	waged, 
3288:	ashen, 
3289:	aping, avian, axial, goals, 
3290:	
3291:	
3292:	
3293:	admit, 
3294:	
3295:	alone, Kyoto, 
3296:	ample, 
3297:	gaily, guile, 
3298:	Kabul, Perle, rural, 
3299:	mocks, raced, rises, 
3300:	antic, 
3301:	
3302:	
3303:	Ecole, gnome, 
3304:	
3305:	bears, braes, spasm, suave, swank, 
3306:	
3307:	
3308:	bodes, 
3309:	sweat, sweep, 
3310:	manor, 
3311:	signs, 
3312:	
3313:	heart, skimp, spies, spill, 
3314:	hobby, 
3315:	
3316:	balks, belay, meter, 
3317:	Ayers, 
3318:	sings, 
3319:	bloke, scoop, shook, stock, 
3320:	
3321:	
3322:	bares, screw, shrub, 
3323:	baser, basin, hikes, yokes, 
3324:	halls, Wolfe, 
3325:	Leeds, 
3326:	handy, 
3327:	
3328:	
3329:	charm, clash, crabs, sayer, trash, 
3330:	herbs, tuber, 
3331:	
3332:	hater, 
3333:	Lamar, Reese, 
3334:	
3335:	Aggie, Groot, ivory, 
3336:	
3337:	crypt, 
3338:	hazel, 
3339:	
3340:	calve, 
3341:	comic, times, 
3342:	
3343:	
3344:	caper, coped, 
3345:	idiom, 
3346:	
3347:	
3348:	title, 
3349:	
3350:	Bundy, 
3351:	Magog, 
3352:	
3353:	deals, oxide, 
3354:	
3355:	dusky, Sachs, 
3356:	
3357:	dream, 
3358:	Sofia, 
3359:	
3360:	
3361:	
3362:	
3363:	
3364:	dales, Salem, Selma, 
3365:	Bambi, domed, 
3366:	
3367:	
3368:	puppy, 
3369:	juice, piano, 
3370:	
3371:	
3372:	
3373:	
3374:	
3375:	
3376:	
3377:	
3378:	
3379:	vacuo, 
3380:	polka, 
3381:	Tieck, 
3382:	panes, 
3383:	
3384:	
3385:	
3386:	
3387:	
3388:	kitty, valve, 
3389:	
3390:	Duffy, 
3391:	
3392:	
3393:	quack, 
3394:	
3395:	
3396:	fully, 
3397:	
3398:	Denny, 
3399:	frown, 
3400:	
3401:	flame, 
3402:	worry, 
3403:	focal, 
3404:	
3405:	axers, fount, wreck, 
3406:	Junes, 
3407:	Dewey, wagon, 
3408:	
3409:	Pliny, waive, 
3410:	Juras, 
3411:	
3412:	wales, 
3413:	rummy, 
3414:	
3415:	
3416:	amply, 
3417:	abase, 
3418:	
3419:	arson, wised, 
3420:	
3421:	lemma, reeds, 
3422:	lined, 
3423:	
3424:	
3425:	brays, grade, raids, 
3426:	
3427:	
3428:	latch, 
3429:	
3430:	
3431:	
3432:	
3433:	suits, 
3434:	
3435:	messy, 
3436:	bulks, motor, sulky, 
3437:	gamma, mourn, Wyeth, 
3438:	
3439:	slows, sport, swoop, 
3440:	
3441:	shape, 
3442:	
3443:	bests, 
3444:	holly, hulls, Willy, 
3445:	speed, spurn, stead, 
3446:	safer, 
3447:	sigma, 
3448:	boxes, hyper, 
3449:	Atari, slide, 
3450:	
3451:	
3452:	
3453:	Lyman, 
3454:	tufts, 
3455:	Anglo, scoff, 
3456:	
3457:	Geary, 
3458:	norms, 
3459:	nasty, 
3460:	color, sated, 
3461:	sauce, 
3462:	
3463:	cooks, crowd, newly, 
3464:	
3465:	chaff, trace, 
3466:	Aaron, curbs, 
3467:	
3468:	
3469:	
3470:	cover, 
3471:	
3472:	
3473:	
3474:	
3475:	caked, duchy, 
3476:	
3477:	doers, duels, ideal, 
3478:	
3479:	
3480:	
3481:	
3482:	Huber, 
3483:	
3484:	
3485:	demur, ocean, Simon, 
3486:	Banks, Synge, 
3487:	droll, 
3488:	
3489:	joint, juicy, 
3490:	
3491:	Bosch, 
3492:	Bates, utter, 
3493:	Bauer, piety, poets, 
3494:	Henri, jenny, 
3495:	dawns, 
3496:	
3497:	Clark, prism, 
3498:	
3499:	
3500:	
3501:	Czech, 
3502:	pansy, 
3503:	peony, 
3504:	Cohen, 
3505:	evict, 
3506:	Norma, perky, 
3507:	pasts, 
3508:	
3509:	plugs, 
3510:	Tenex, 
3511:	
3512:	Capet, 
3513:	
3514:	
3515:	
3516:	
3517:	
3518:	panda, 
3519:	
3520:	
3521:	
3522:	
3523:	
3524:	
3525:	
3526:	
3527:	
3528:	
3529:	fries, frill, 
3530:	
3531:	Jacky, 
3532:	
3533:	
3534:	Danes, fungi, 
3535:	
3536:	
3537:	aware, roars, 
3538:	Derek, farms, fires, worse, 
3539:	
3540:	Jolla, 
3541:	
3542:	Janet, loner, 
3543:	fewer, 
3544:	
3545:	anise, Priam, 
3546:	
3547:	laced, 
3548:	liter, 
3549:	greet, rumen, 
3550:	
3551:	aroma, 
3552:	aspic, 
3553:	gripe, moans, 
3554:	rabbi, 
3555:	
3556:	rites, 
3557:	abuse, meets, 
3558:	
3559:	gloat, groan, 
3560:	
3561:	blaze, royal, snaps, spans, stamp, stark, 
3562:	bobby, Verne, 
3563:	
3564:	
3565:	gouge, smelt, 
3566:	
3567:	bight, 
3568:	
3569:	heats, smith, spite, sting, 
3570:	
3571:	bikes, mason, mused, 
3572:	balls, metes, 
3573:	hyena, 
3574:	bandy, 
3575:	Lyons, scorn, shove, 
3576:	
3577:	
3578:	serve, sprig, 
3579:	bases, Lacey, Locke, Lucia, 
3580:	Wolff, 
3581:	saucy, 
3582:	bevel, sever, 
3583:	
3584:	
3585:	chasm, twain, 
3586:	tubes, 
3587:	haste, Russo, 
3588:	Aston, hates, 
3589:	Lemke, trees, 
3590:	
3591:	
3592:	Gipsy, 
3593:	Alice, chill, 
3594:	Gorky, 
3595:	McKee, 
3596:	notch, 
3597:	
3598:	conic, tangy, tenth, tunic, 
3599:	clock, those, 
3600:	capes, 
3601:	Spitz, 
3602:	cargo, 
3603:	ASCII, 
3604:	
3605:	touch, truce, 
3606:	
3607:	towed, 
3608:	
3609:	dealt, 
3610:	
3611:	decks, 
3612:	Holst, undue, 
3613:	
3614:	ounce, 
3615:	downy, 
3616:	
3617:	jeans, 
3618:	
3619:	
3620:	delta, 
3621:	Maude, 
3622:	
3623:	Hagen, 
3624:	
3625:	plaza, 
3626:	jazzy, 
3627:	
3628:	
3629:	Hamal, peeks, 
3630:	
3631:	
3632:	empty, 
3633:	vials, 
3634:	
3635:	
3636:	
3637:	Trudy, 
3638:	
3639:	edges, probe, 
3640:	paper, Tahoe, 
3641:	Isaac, 
3642:	
3643:	
3644:	paten, pitch, 
3645:	kneel, 
3646:	Irvin, 
3647:	
3648:	
3649:	
3650:	
3651:	
3652:	
3653:	
3654:	
3655:	
3656:	
3657:	Dhabi, 
3658:	
3659:	
3660:	Upton, 
3661:	fiend, freed, 
3662:	
3663:	augur, 
3664:	
3665:	amity, Evans, leash, leave, 
3666:	
3667:	Jacob, 
3668:	
3669:	
3670:	fined, 
3671:	amour, atoms, 
3672:	
3673:	abate, Eliot, 
3674:	
3675:	racks, 
3676:	Euler, gulps, radon, 
3677:	
3678:	refer, 
3679:	growl, 
3680:	
3681:	raise, 
3682:	
3683:	
3684:	
3685:	
3686:	
3687:	
3688:	
3689:	Quinn, swiss, 
3690:	
3691:	
3692:	bulls, 
3693:	
3694:	Vance, 
3695:	blown, snout, spots, stops, sworn, 
3696:	
3697:	shard, snake, 
3698:	
3699:	buses, 
3700:	
3701:	brute, shelf, slurs, sneak, study, stump, 
3702:	hunks, safes, 
3703:	bagel, hoops, 
3704:	
3705:	shyly, 
3706:	march, 
3707:	hasty, Wacke, 
3708:	mated, nylon, 
3709:	
3710:	since, 
3711:	
3712:	sepia, 
3713:	
3714:	
3715:	
3716:	Arlen, 
3717:	Armco, tumor, 
3718:	Agnew, 
3719:	cools, 
3720:	
3721:	trade, 
3722:	
3723:	
3724:	
3725:	churn, tread, truth, 
3726:	coves, 
3727:	cower, 
3728:	
3729:	thief, 
3730:	
3731:	
3732:	
3733:	Steve, 
3734:	
3735:	
3736:	
3737:	Brien, 
3738:	
3739:	Mecca, 
3740:	dolls, otter, 
3741:	Sammy, 
3742:	dents, Mavis, 
3743:	
3744:	
3745:	
3746:	darts, 
3747:	disks, doses, 
3748:	
3749:	doubt, 
3750:	Hines, 
3751:	
3752:	
3753:	prior, 
3754:	jerky, 
3755:	
3756:	
3757:	
3758:	panty, 
3759:	prove, 
3760:	
3761:	Cairo, eying, place, 
3762:	
3763:	
3764:	
3765:	plush, 
3766:	Canis, 
3767:	
3768:	
3769:	
3770:	
3771:	visor, 
3772:	
3773:	
3774:	
3775:	vower, 
3776:	Texas, 
3777:	flats, 
3778:	
3779:	
3780:	
3781:	freon, 
3782:	
3783:	quota, 
3784:	
3785:	
3786:	
3787:	
3788:	fills, 
3789:	leery, 
3790:	Dante, 
3791:	wrote, 
3792:	
3793:	
3794:	album, Pabst, warts, 
3795:	faced, Pecos, rocky, 
3796:	Pedro, ruddy, 
3797:	
3798:	links, 
3799:	
3800:	
3801:	alive, 
3802:	
3803:	
3804:	
3805:	
3806:	rants, 
3807:	along, aloof, 
3808:	roper, 
3809:	loyal, 
3810:	
3811:	
3812:	
3813:	round, 
3814:	river, 
3815:	
3816:	
3817:	beast, beats, brags, Fritz, soaps, 
3818:	
3819:	
3820:	molds, 
3821:	beeps, 
3822:	
3823:	bugle, 
3824:	
3825:	gayer, smirk, suing, swine, 
3826:	Karen, 
3827:	masks, 
3828:	balms, bulge, motif, muted, silks, soles, 
3829:	Weeks, 
3830:	bingo, sinew, 
3831:	biota, blond, stoke, 
3832:	
3833:	
3834:	boric, sires, surge, 
3835:	baste, 
3836:	Walsh, yelps, 
3837:	bluff, squid, 
3838:	hunch, 
3839:	Leger, sewer, 
3840:	
3841:	clamp, thats, trait, tramp, 
3842:	harsh, herds, yarns, 
3843:	Rocco, 
3844:	coder, 
3845:	
3846:	nines, 
3847:	Leona, 
3848:	
3849:	Amiga, cairn, chink, cling, Graff, Rhine, 
3850:	
3851:	
3852:	Getty, tells, 
3853:	comma, 
3854:	infer, 
3855:	
3856:	
3857:	Miami, 
3858:	cards, cored, tardy, 
3859:	
3860:	total, 
3861:	trued, 
3862:	
3863:	
3864:	
3865:	deans, 
3866:	
3867:	
3868:	oiler, 
3869:	Sturm, 
3870:	
3871:	
3872:	
3873:	Crays, 
3874:	Mardi, 
3875:	oases, 
3876:	
3877:	
3878:	Sinai, 
3879:	
3880:	
3881:	
3882:	dirge, Mazda, 
3883:	
3884:	Yalta, 
3885:	peels, 
3886:	
3887:	
3888:	
3889:	emacs, pails, prick, prima, 
3890:	Corey, 
3891:	
3892:	Titus, 
3893:	erupt, 
3894:	pangs, 
3895:	pooch, 
3896:	
3897:	edict, 
3898:	
3899:	
3900:	
3901:	Dietz, 
3902:	
3903:	Irwin, 
3904:	
3905:	quake, 
3906:	
3907:	
3908:	vital, 
3909:	Zomba, 
3910:	
3911:	frost, 
3912:	
3913:	
3914:	forts, 
3915:	
3916:	
3917:	feeds, 
3918:	
3919:	
3920:	
3921:	
3922:	
3923:	lacks, 
3924:	
3925:	
3926:	annoy, wanes, 
3927:	logic, Piotr, wooed, 
3928:	
3929:	abaft, agape, Peale, ready, 
3930:	
3931:	
3932:	
3933:	reefs, 
3934:	
3935:	glows, 
3936:	lapel, 
3937:	reign, 
3938:	
3939:	Essen, 
3940:	lathe, 
3941:	brews, 
3942:	Kenny, 
3943:	
3944:	VAXes, 
3945:	glide, guyer, 
3946:	
3947:	musks, 
3948:	motto, 
3949:	mount, 
3950:	bunks, Kafka, 
3951:	showy, snows, 
3952:	mixup, 
3953:	scalp, share, 
3954:	
3955:	
3956:	gated, 
3957:	bleed, shear, sheen, soups, 
3958:	Fanny, mince, 
3959:	sages, 
3960:	
3961:	beige, skiff, 
3962:	horns, 
3963:	
3964:	Watts, 
3965:	crest, 
3966:	
3967:	shoed, 
3968:	Asher, 
3969:	crisp, 
3970:	
3971:	
3972:	
3973:	
3974:	hence, Levis, saved, 
3975:	
3976:	
3977:	
3978:	carry, 
3979:	
3980:	
3981:	clump, trump, 
3982:	covet, 
3983:	
3984:	texts, 
3985:	
3986:	
3987:	
3988:	GOTOs, Mills, 
3989:	
3990:	
3991:	
3992:	
3993:	deity, 
3994:	
3995:	
3996:	outer, 
3997:	dimly, 
3998:	dunes, 
3999:	Brock, Seoul, 
4000:	
4001:	
4002:	Barth, Syria, 
4003:	
4004:	dotes, 
4005:	Bruce, press, 
4006:	Hindu, Hondo, 
4007:	
4008:	
4009:	print, 
4010:	Cobol, Cyrus, 
4011:	Hesse, 
4012:	endow, 
4013:	
4014:	
4015:	pools, 
4016:	
4017:	Iraqi, 
4018:	
4019:	
4020:	pedal, 
4021:	piece, plead, 
4022:	Novak, 
4023:	ebony, power, 
4024:	
4025:	
4026:	early, 
4027:	
4028:	Islam, paled, 
4029:	
4030:	
4031:	
4032:	
4033:	Duane, 
4034:	
4035:	
4036:	
4037:	
4038:	
4039:	
4040:	
4041:	fairy, 
4042:	
4043:	lucks, 
4044:	films, waltz, 
4045:	
4046:	lifts, 
4047:	foods, woody, 
4048:	
4049:	roast, 
4050:	
4051:	
4052:	audio, faded, 
4053:	agers, 
4054:	lunar, 
4055:	loose, 
4056:	
4057:	graze, 
4058:	
4059:	lasso, 
4060:	
4061:	glens, 
4062:	liver, 
4063:	among, Engel, Engle, roofs, 
4064:	apple, Exxon, ropes, 
4065:	Erich, grids, meaty, 
4066:	rabid, 
4067:	rasps, 
4068:	after, Ellie, golds, 
4069:	acute, Pauli, 
4070:	
4071:	
4072:	
4073:	beaus, brash, brave, slats, smart, 
4074:	
4075:	
4076:	milks, moles, 
4077:	sperm, swell, 
4078:	given, minis, 
4079:	
4080:	
4081:	blink, briar, brine, build, ships, skims, 
4082:	gazer, Korea, mercy, mires, 
4083:	miser, 
4084:	salts, sills, 
4085:	Avery, 
4086:	binds, bunch, movie, 
4087:	blood, snore, spoil, spoof, stole, 
4088:	
4089:	hairs, 
4090:	mazes, 
4091:	
4092:	botch, Qatar, 
4093:	humid, 
4094:	
4095:	
4096:	
4097:	chant, chaos, noise, 
4098:	curry, heres, 
4099:	Alcoa, 
4100:	codes, 
4101:	Aleck, cleft, 
4102:	haves, 
4103:	
4104:	
4105:	irate, 
4106:	Gabon, Gibbs, 
4107:	
4108:	Ralph, Rilke, 
4109:	Byers, tombs, 
4110:	
4111:	
4112:	
4113:	
4114:	cares, Myron, 
4115:	Macon, Missy, occur, 
4116:	Galen, Golda, Midas, oddly, order, 
4117:	chuck, Gemma, 
4118:	civic, 
4119:	Geoff, 
4120:	taxes, 
4121:	drape, Maier, Meiji, toyed, 
4122:	Bible, 
4123:	dusts, 
4124:	
4125:	
4126:	
4127:	
4128:	
4129:	urine, 
4130:	Huron, Marie, 
4131:	
4132:	dildo, Hades, often, opted, 
4133:	
4134:	
4135:	Hegel, 
4136:	doped, 
4137:	jails, plait, 
4138:	Saran, 
4139:	picks, 
4140:	ditch, 
4141:	preen, 
4142:	dived, 
4143:	
4144:	
4145:	
4146:	Carty, Cyril, 
4147:	
4148:	
4149:	
4150:	envoy, pends, 
4151:	phone, 
4152:	
4153:	
4154:	pored, 
4155:	
4156:	
4157:	Tampa, 
4158:	
4159:	
4160:	
4161:	Iliad, 
4162:	eerie, versa, 
4163:	easel, 
4164:	
4165:	
4166:	
4167:	
4168:	
4169:	flail, 
4170:	Doris, fiber, Ozzie, 
4171:	wacky, 
4172:	kited, 
4173:	fours, 
4174:	Jinny, 
4175:	
4176:	
4177:	
4178:	
4179:	
4180:	welds, 
4181:	
4182:	
4183:	whole, 
4184:	apply, 
4185:	abash, 
4186:	
4187:	arced, 
4188:	fatal, gully, rider, Volvo, witch, 
4189:	lambs, 
4190:	
4191:	glory, group, grown, 
4192:	
4193:	gland, 
4194:	
4195:	rakes, 
4196:	
4197:	gleam, 
4198:	
4199:	
4200:	
4201:	briny, 
4202:	
4203:	
4204:	bolts, modal, retch, 
4205:	
4206:	
4207:	blots, spout, 
4208:	
4209:	black, brace, shall, staff, stage, 
4210:	babes, berry, sorts, 
4211:	
4212:	butte, 
4213:	brush, humor, seeds, sheik, sleek, speak, 
4214:	mined, 
4215:	began, Foote, 
4216:	
4217:	heard, noisy, spice, 
4218:	
4219:	McCoy, 
4220:	match, 
4221:	yours, 
4222:	
4223:	Lloyd, 
4224:	
4225:	Aries, 
4226:	
4227:	
4228:	
4229:	
4230:	
4231:	coons, sawed, 
4232:	
4233:	neigh, tease, 
4234:	Aires, corks, cures, curse, 
4235:	
4236:	
4237:	overt, 
4238:	
4239:	
4240:	
4241:	Brady, Slavs, Stans, 
4242:	Goren, 
4243:	issue, 
4244:	tilde, tiled, 
4245:	dwelt, Gould, 
4246:	Minsk, 
4247:	Moore, 
4248:	
4249:	Boise, 
4250:	
4251:	
4252:	idled, 
4253:	omega, Simms, 
4254:	
4255:	drool, drove, Stone, 
4256:	
4257:	Meyer, 
4258:	
4259:	decal, Susie, 
4260:	
4261:	Sault, 
4262:	dover, 
4263:	
4264:	Saxon, 
4265:	Boyce, exalt, exams, 
4266:	dozen, 
4267:	
4268:	
4269:	enemy, 
4270:	pints, 
4271:	phony, 
4272:	peppy, 
4273:	
4274:	parry, purer, 
4275:	
4276:	pithy, 
4277:	plump, Timex, Timon, 
4278:	
4279:	pagan, 
4280:	expel, 
4281:	Zeiss, 
4282:	pizza, 
4283:	vests, 
4284:	enter, 
4285:	
4286:	
4287:	
4288:	
4289:	foamy, quirk, 
4290:	
4291:	
4292:	
4293:	
4294:	
4295:	foggy, fugue, 
4296:	
4297:	
4298:	
4299:	
4300:	Dolan, wilts, 
4301:	
4302:	
4303:	
4304:	
4305:	lying, 
4306:	
4307:	
4308:	Julia, wedge, 
4309:	fault, flung, found, wrung, 
4310:	Janis, longs, 
4311:	Peggy, 
4312:	
4313:	glass, grams, guano, 
4314:	lyric, 
4315:	Vichy, waked, 
4316:	allay, ruler, 
4317:	admix, 
4318:	lives, 
4319:	acorn, avoid, 
4320:	
4321:	Emile, grill, reach, 
4322:	airer, 
4323:	
4324:	midst, 
4325:	Klein, 
4326:	muffs, rivet, 
4327:	raged, 
4328:	
4329:	Kline, soars, swamp, 
4330:	
4331:	
4332:	malts, 
4333:	beers, gaudy, gruff, memos, slept, sweet, 
4334:	manly, 
4335:	begot, begun, 
4336:	
4337:	skins, spicy, still, swing, swipe, 
4338:	gazes, merit, mural, 
4339:	maced, music, 
4340:	hydra, miter, motel, 
4341:	mould, 
4342:	sinks, 
4343:	scoot, scowl, smote, 
4344:	
4345:	
4346:	Libya, 
4347:	
4348:	hells, sites, 
4349:	stuff, 
4350:	
4351:	bowed, Logan, 
4352:	sexes, 
4353:	Adair, chaps, crank, crate, 
4354:	hardy, Luzon, 
4355:	cysts, 
4356:	
4357:	creep, crepe, Liman, 
4358:	
4359:	
4360:	
4361:	trier, 
4362:	
4363:	
4364:	calls, tally, 
4365:	
4366:	candy, canon, 
4367:	
4368:	typed, 
4369:	
4370:	caret, 
4371:	cases, tasks, 
4372:	cater, 
4373:	
4374:	cavil, 
4375:	
4376:	
4377:	Blake, dials, 
4378:	
4379:	
4380:	Malta, 
4381:	Bruno, 
4382:	owned, 
4383:	
4384:	
4385:	dryly, 
4386:	
4387:	
4388:	
4389:	Simla, 
4390:	
4391:	proxy, 
4392:	
4393:	pears, 
4394:	Berea, 
4395:	pacts, 
4396:	
4397:	Saudi, 
4398:	Hanna, 
4399:	
4400:	
4401:	enact, pains, 
4402:	ember, 
4403:	piker, 
4404:	Cetus, entry, 
4405:	eject, exult, 
4406:	
4407:	Niobe, 
4408:	
4409:	
4410:	Cuzco, pares, parse, 
4411:	posed, 
4412:	
4413:	
4414:	
4415:	Tioga, 
4416:	
4417:	Zaire, 
4418:	verbs, 
4419:	vases, 
4420:	voted, 
4421:	
4422:	funny, vivid, 
4423:	
4424:	
4425:	Udall, 
4426:	Darry, Durer, 
4427:	
4428:	width, 
4429:	freak, lumpy, whelp, 
4430:	
4431:	
4432:	Dixon, 
4433:	feign, flick, keyed, leaks, wails, 
4434:	labor, 
4435:	faker, 
4436:	lotus, 
4437:	
4438:	
4439:	lowly, 
4440:	
4441:	again, Emily, reals, 
4442:	
4443:	lakes, 
4444:	adder, rides, 
4445:	azure, 
4446:	
4447:	gross, 
4448:	
4449:	amide, 
4450:	
4451:	
4452:	Vidal, 
4453:	aimed, glean, greed, mummy, 
4454:	
4455:	gowns, 
4456:	
4457:	blitz, 
4458:	lazed, 
4459:	
4460:	
4461:	
4462:	
4463:	boors, 
4464:	
4465:	beard, maids, slang, staid, 
4466:	
4467:	sacks, 
4468:	
4469:	blunt, bread, sheep, sours, steed, 
4470:	Finns, Wyner, 
4471:	Floyd, 
4472:	
4473:	heads, 
4474:	
4475:	
4476:	belch, 
4477:	
4478:	banal, 
4479:	scold, 
4480:	
4481:	maybe, 
4482:	bared, Laban, 
4483:	hiked, 
4484:	Allis, culls, 
4485:	nouns, Remus, 
4486:	
4487:	clown, 
4488:	
4489:	Grimm, ovary, 
4490:	
4491:	Assam, 
4492:	Acton, Artie, 
4493:	theme, 
4494:	
4495:	
4496:	
4497:	draws, image, thick, 
4498:	
4499:	taken, 
4500:	
4501:	dress, Gauls, timed, 
4502:	Monet, 
4503:	
4504:	
4505:	Blinn, Hiatt, 
4506:	
4507:	
4508:	Medea, 
4509:	
4510:	
4511:	Boone, 
4512:	
4513:	
4514:	Mizar, 
4515:	Susan, 
4516:	
4517:	
4518:	doves, 
4519:	
4520:	
4521:	
4522:	
4523:	
4524:	
4525:	
4526:	
4527:	
4528:	
4529:	Hayes, 
4530:	Cajun, purse, 
4531:	pests, posit, 
4532:	
4533:	
4534:	ennui, 
4535:	Cooke, 
4536:	
4537:	quart, 
4538:	Carlo, 
4539:	
4540:	
4541:	
4542:	elves, kinky, 
4543:	
4544:	
4545:	Clyde, flaws, 
4546:	
4547:	
4548:	
4549:	Drury, 
4550:	
4551:	Dugan, 
4552:	
4553:	flint, foils, 
4554:	
4555:	
4556:	Daley, Delft, 
4557:	Damon, 
4558:	
4559:	wools, 
4560:	
4561:	awash, 
4562:	Doria, worth, 
4563:	
4564:	Jello, 
4565:	
4566:	fives, 
4567:	argue, auger, 
4568:	ashes, 
4569:	amino, arise, 
4570:	lords, 
4571:	
4572:	rules, 
4573:	
4574:	
4575:	adorn, aloes, 
4576:	
4577:	
4578:	
4579:	
4580:	altar, gills, 
4581:	
4582:	goner, 
4583:	Enoch, 
4584:	
4585:	Payne, spawn, 
4586:	
4587:	sucks, 
4588:	
4589:	
4590:	minks, 
4591:	moods, soggy, 
4592:	
4593:	bring, stink, 
4594:	
4595:	meson, 
4596:	bells, solve, 
4597:	
4598:	
4599:	bloat, blobs, spore, stood, 
4600:	
4601:	
4602:	baron, beret, shrew, shrug, 
4603:	basis, 
4604:	baths, 
4605:	human, slung, sound, 
4606:	
4607:	
4608:	boxed, 
4609:	clams, craft, crags, thaws, 
4610:	
4611:	cycle, 
4612:	Astor, 
4613:	tiers, 
4614:	
4615:	
4616:	
4617:	crime, tries, trill, twine, 
4618:	nerve, 
4619:	
4620:	Allah, calms, Lethe, 
4621:	
4622:	Monty, never, 
4623:	chord, croak, 
4624:	
4625:	
4626:	tires, 
4627:	caste, 
4628:	Sylow, 
4629:	caulk, tough, 
4630:	
4631:	
4632:	impel, 
4633:	drain, odium, Shari, 
4634:	
4635:	
4636:	Betsy, 
4637:	deems, 
4638:	
4639:	dowry, 
4640:	
4641:	unite, 
4642:	
4643:	
4644:	Bella, Hetty, 
4645:	
4646:	Santa, 
4647:	Hager, 
4648:	
4649:	prank, prate, 
4650:	darer, 
4651:	
4652:	Satan, untie, 
4653:	Yemen, 
4654:	
4655:	Croix, 
4656:	
4657:	paint, 
4658:	
4659:	pikes, 
4660:	elder, Zulus, 
4661:	
4662:	
4663:	
4664:	
4665:	Idaho, veils, 
4666:	peril, porch, 
4667:	passe, 
4668:	Celia, India, 
4669:	
4670:	
4671:	
4672:	
4673:	
4674:	
4675:	
4676:	
4677:	
4678:	
4679:	
4680:	
4681:	flare, franc, 
4682:	
4683:	wicks, 
4684:	
4685:	
4686:	
4687:	
4688:	
4689:	fried, leafy, white, 
4690:	lorry, 
4691:	fakes, Jesus, lucid, 
4692:	
4693:	
4694:	final, 
4695:	
4696:	
4697:	
4698:	amble, fired, wards, 
4699:	
4700:	fetch, Patsy, radix, 
4701:	
4702:	
4703:	
4704:	
4705:	alibi, 
4706:	
4707:	
4708:	
4709:	laugh, 
4710:	levee, 
4711:	
4712:	repel, 
4713:	
4714:	
4715:	misty, mushy, 
4716:	acted, Kidde, 
4717:	
4718:	bonny, genie, sunny, 
4719:	stony, 
4720:	
4721:	beads, shaft, stack, 
4722:	
4723:	
4724:	Foley, 
4725:	bleak, mimic, speck, spurs, 
4726:	
4727:	hoots, 
4728:	maple, 
4729:	slick, slyly, sniff, 
4730:	hertz, 
4731:	
4732:	Lilly, meted, 
4733:	Akers, crews, 
4734:	Lenny, singe, 
4735:	howls, 
4736:	
4737:	twist, 
4738:	scram, shred, 
4739:	based, 
4740:	Godot, 
4741:	
4742:	
4743:	coops, 
4744:	
4745:	
4746:	cabin, 
4747:	
4748:	hated, 
4749:	
4750:	
4751:	irons, towns, 
4752:	imply, 
4753:	chide, thigh, 
4754:	
4755:	
4756:	
4757:	
4758:	
4759:	
4760:	
4761:	drips, unity, 
4762:	
4763:	
4764:	Solon, 
4765:	
4766:	donor, 
4767:	dooms, 
4768:	
4769:	Scala, 
4770:	Burch, 
4771:	
4772:	Bette, 
4773:	Sousa, 
4774:	
4775:	
4776:	Nehru, 
4777:	Bayes, 
4778:	
4779:	jests, 
4780:	pulls, 
4781:	
4782:	dance, 
4783:	pious, 
4784:	
4785:	
4786:	party, 
4787:	
4788:	Tulsa, 
4789:	
4790:	Tonio, 
4791:	
4792:	
4793:	
4794:	Ceres, 
4795:	ensue, 
4796:	
4797:	
4798:	
4799:	edged, 
4800:	
4801:	
4802:	
4803:	
4804:	valid, 
4805:	wrest, 
4806:	
4807:	quote, 
4808:	
4809:	flips, 
4810:	
4811:	
4812:	felts, Judas, 
4813:	
4814:	Donna, 
4815:	
4816:	
4817:	amass, loins, whack, 
4818:	ferns, fords, wordy, 
4819:	
4820:	wetly, 
4821:	limps, 
4822:	favor, 
4823:	lions, 
4824:	fixer, 
4825:	anion, apish, grant, 
4826:	Jorge, 
4827:	Josef, loser, 
4828:	atlas, rolls, 
4829:	
4830:	rents, 
4831:	aloud, lawns, 
4832:	reply, 
4833:	Edith, 
4834:	aural, rerun, 
4835:	risks, roses, 
4836:	attic, muddy, 
4837:	
4838:	
4839:	goods, 
4840:	
4841:	Keith, swarm, 
4842:	
4843:	
4844:	
4845:	beets, gauze, spent, 
4846:	
4847:	moose, 
4848:	
4849:	baits, shirt, skips, soils, suite, 
4850:	
4851:	
4852:	balky, 
4853:	bombs, mound, 
4854:	songs, 
4855:	blocs, broke, shorn, sloth, 
4856:	Wuhan, 
4857:	
4858:	barks, strap, 
4859:	beset, bused, 
4860:	helix, holds, Lydia, Walls, 
4861:	skulk, stuck, 
4862:	
4863:	
4864:	
4865:	chars, crash, crave, 
4866:	hirer, 
4867:	
4868:	
4869:	clerk, 
4870:	ninth, 
4871:	Leone, Regis, 
4872:	
4873:	clink, 
4874:	
4875:	
4876:	index, tills, 
4877:	
4878:	tenor, toner, 
4879:	chore, clone, newer, 
4880:	
4881:	opals, 
4882:	Abram, carol, carve, coral, 
4883:	
4884:	
4885:	cause, thuds, 
4886:	Genoa, zones, 
4887:	
4888:	
4889:	olive, 
4890:	
4891:	
4892:	Betty, Milan, 
4893:	Swede, 
4894:	unfit, 
4895:	urges, 
4896:	
4897:	using, 
4898:	
4899:	oasis, 
4900:	delay, oaths, octet, optic, 
4901:	
4902:	dense, dunce, 
4903:	
4904:	
4905:	psalm, 
4906:	dares, Nubia, 
4907:	dosed, pussy, 
4908:	
4909:	peeps, 
4910:	
4911:	Coors, 
4912:	
4913:	Bayda, plies, prime, 
4914:	Tiber, 
4915:	Tyson, 
4916:	palms, piles, 
4917:	elect, 
4918:	
4919:	
4920:	ethic, 
4921:	
4922:	
4923:	paste, 
4924:	patio, valor, 
4925:	keels, 
4926:	
4927:	
4928:	
4929:	
4930:	
4931:	
4932:	eaten, Ogden, 
4933:	
4934:	
4935:	
4936:	
4937:	Deane, Diana, frame, wears, 
4938:	
4939:	
4940:	fudge, 
4941:	fleas, 
4942:	
4943:	
4944:	
4945:	learn, 
4946:	
4947:	
4948:	false, walks, 
4949:	Emery, woman, 
4950:	lifer, 
4951:	axons, 
4952:	
4953:	agate, roads, 
4954:	Perry, wares, 
4955:	
4956:	rodeo, 
4957:	fauna, lames, 
4958:	lands, 
4959:	
4960:	
4961:	agile, 
4962:	
4963:	gecko, 
4964:	Eddie, Elton, 
4965:	geese, grunt, 
4966:	
4967:	
4968:	
4969:	
4970:	DARPA, 
4971:	
4972:	bulky, 
4973:	bumps, 
4974:	bonus, 
4975:	blows, boost, boots, globe, 
4976:	
4977:	shave, slain, snail, 
4978:	
4979:	bosun, maker, 
4980:	bytes, 
4981:	gauge, sheds, sheer, spurt, stunt, 
4982:	
4983:	bowls, 
4984:	
4985:	buyer, shine, 
4986:	merge, 
4987:	husks, sakes, 
4988:	
4989:	
4990:	bench, 
4991:	shoal, 
4992:	
4993:	
4994:	sired, 
4995:	
4996:	colts, nadir, nodal, 
4997:	
4998:	
4999:	cooky, trots, 
